#! /usr/bin/vvp
:ivl_version "0.9.5 " "(v0_9_5)";
:vpi_time_precision - 12;
:vpi_module "system";
:vpi_module "v2005_math";
:vpi_module "va_math";
S_0x2680790 .scope module, "multiplication" "multiplication" 2 11;
 .timescale -9 -12;
P_0x2691ea8 .param/l "s1" 2 36, C4<0001>;
P_0x2691ed0 .param/l "s2" 2 37, C4<0010>;
P_0x2691ef8 .param/l "s3" 2 38, C4<0100>;
P_0x2691f20 .param/l "s4" 2 39, C4<1000>;
v0x26a40b0_0 .net "A", 31 0, C4<zzzzzzzzzzzzzzzzzzzzzzzzzzzzzzzz>; 0 drivers
v0x26bf470_0 .net "B", 31 0, C4<zzzzzzzzzzzzzzzzzzzzzzzzzzzzzzzz>; 0 drivers
v0x26bf510_0 .net "P", 63 0, C4<zzzzzzzzzzzzzzzzzzzzzzzzzzzzzzzzzzzzzzzzzzzzzzzzzzzzzzzzzzzzzzzz>; 0 drivers
v0x26bf5b0_0 .var "RA", 31 0;
v0x26bf660_0 .var "SRA", 32 0;
v0x26bf700_0 .var "SRB", 31 0;
v0x26bf7e0_0 .var "X", 31 0;
v0x26bf880_0 .net "Y", 31 0, L_0x26c0660; 1 drivers
v0x26bf970_0 .net *"_s1", 0 0, L_0x26c03e0; 1 drivers
v0x26bfa10_0 .net *"_s10", 32 0, L_0x26c0900; 1 drivers
v0x26bfb10_0 .net *"_s13", 0 0, C4<0>; 1 drivers
v0x26bfbb0_0 .net *"_s2", 31 0, C4<00000000000000000000000000000000>; 1 drivers
v0x26bfcc0_0 .net *"_s6", 32 0, L_0x26c0780; 1 drivers
v0x26bfd60_0 .net *"_s9", 0 0, C4<0>; 1 drivers
v0x26bfe80_0 .net "clock", 0 0, C4<z>; 0 drivers
v0x26bff20_0 .var "counter", 4 0;
v0x26bfde0_0 .var "ld", 0 0;
v0x26c0070_0 .var "ready", 0 0;
v0x26c0190_0 .net "res_add", 32 0, L_0x26c0ac0; 1 drivers
v0x26c0210_0 .net "reset", 0 0, C4<z>; 0 drivers
v0x26c00f0_0 .var "sh", 0 0;
v0x26c0340_0 .var "shld", 0 0;
v0x26c0290_0 .net "start", 0 0, C4<z>; 0 drivers
v0x26c0480_0 .var "state", 3 0;
E_0x2681e60 .event posedge, v0x26c0210_0, v0x26bfe80_0;
L_0x26c03e0 .part v0x26bf700_0, 0, 1;
L_0x26c0660 .functor MUXZ 32, C4<00000000000000000000000000000000>, v0x26bf5b0_0, L_0x26c03e0, C4<>;
L_0x26c0780 .concat [ 32 1 0 0], L_0x26c0660, C4<0>;
L_0x26c0900 .concat [ 32 1 0 0], v0x26bf7e0_0, C4<0>;
L_0x26c0ac0 .arith/sum 33, L_0x26c0780, L_0x26c0900;
    .scope S_0x2680790;
T_0 ;
    %wait E_0x2681e60;
    %load/v 8, v0x26c0210_0, 1;
    %jmp/0xz  T_0.0, 8;
    %ix/load 0, 32, 0;
    %assign/v0 v0x26bf5b0_0, 0, 0;
    %jmp T_0.1;
T_0.0 ;
    %load/v 8, v0x26bfde0_0, 1;
    %jmp/0xz  T_0.2, 8;
    %load/v 8, v0x26a40b0_0, 32;
    %ix/load 0, 32, 0;
    %assign/v0 v0x26bf5b0_0, 0, 8;
T_0.2 ;
T_0.1 ;
    %jmp T_0;
    .thread T_0;
    .scope S_0x2680790;
T_1 ;
    %wait E_0x2681e60;
    %load/v 8, v0x26c0210_0, 1;
    %jmp/0xz  T_1.0, 8;
    %ix/load 0, 33, 0;
    %assign/v0 v0x26bf660_0, 0, 0;
    %jmp T_1.1;
T_1.0 ;
    %load/v 8, v0x26c0290_0, 1;
    %load/v 9, v0x26c0070_0, 1;
    %and 8, 9, 1;
    %load/v 9, v0x26bfde0_0, 1;
    %and 8, 9, 1;
    %jmp/0xz  T_1.2, 8;
    %ix/load 0, 33, 0;
    %assign/v0 v0x26bf660_0, 0, 0;
    %jmp T_1.3;
T_1.2 ;
    %load/v 8, v0x26c0340_0, 1;
    %load/v 9, v0x26c0290_0, 1;
    %and 8, 9, 1;
    %load/v 9, v0x26c0070_0, 1;
    %inv 9, 1;
    %and 8, 9, 1;
    %jmp/0xz  T_1.4, 8;
    %load/v 8, v0x26c0190_0, 33;
    %ix/load 0, 33, 0;
    %assign/v0 v0x26bf660_0, 0, 8;
    %load/v 8, v0x26bf660_0, 33;
    %ix/load 0, 1, 0;
    %mov 4, 0, 1;
    %shiftr/i0  8, 33;
    %ix/load 0, 33, 0;
    %assign/v0 v0x26bf660_0, 0, 8;
T_1.4 ;
T_1.3 ;
T_1.1 ;
    %jmp T_1;
    .thread T_1;
    .scope S_0x2680790;
T_2 ;
    %wait E_0x2681e60;
    %load/v 8, v0x26c0210_0, 1;
    %jmp/0xz  T_2.0, 8;
    %ix/load 0, 32, 0;
    %assign/v0 v0x26bf700_0, 0, 0;
    %jmp T_2.1;
T_2.0 ;
    %load/v 8, v0x26c0290_0, 1;
    %load/v 9, v0x26c0070_0, 1;
    %and 8, 9, 1;
    %load/v 9, v0x26bfde0_0, 1;
    %and 8, 9, 1;
    %jmp/0xz  T_2.2, 8;
    %load/v 8, v0x26bf470_0, 32;
    %ix/load 0, 32, 0;
    %assign/v0 v0x26bf700_0, 0, 8;
    %jmp T_2.3;
T_2.2 ;
    %load/v 8, v0x26c00f0_0, 1;
    %load/v 9, v0x26c0290_0, 1;
    %and 8, 9, 1;
    %load/v 9, v0x26c0070_0, 1;
    %inv 9, 1;
    %and 8, 9, 1;
    %jmp/0xz  T_2.4, 8;
    %load/v 8, v0x26bf700_0, 32;
    %ix/load 0, 1, 0;
    %mov 4, 0, 1;
    %shiftr/i0  8, 32;
    %ix/load 0, 32, 0;
    %assign/v0 v0x26bf700_0, 0, 8;
    %load/v 8, v0x26bf660_0, 1; Only need 1 of 33 bits
; Save base=8 wid=1 in lookaside.
    %ix/load 0, 1, 0;
    %ix/load 1, 31, 0;
    %assign/v0/x1 v0x26bf700_0, 0, 8;
    %load/v 8, v0x26bff20_0, 5;
    %mov 13, 0, 27;
    %subi 8, 1, 32;
    %set/v v0x26bff20_0, 8, 5;
T_2.4 ;
T_2.3 ;
T_2.1 ;
    %jmp T_2;
    .thread T_2;
    .scope S_0x2680790;
T_3 ;
    %movi 8, 1, 4;
    %set/v v0x26c0480_0, 8, 4;
    %set/v v0x26c0070_0, 1, 1;
    %end;
    .thread T_3;
    .scope S_0x2680790;
T_4 ;
    %wait E_0x2681e60;
    %load/v 8, v0x26c0210_0, 1;
    %jmp/0xz  T_4.0, 8;
    %movi 8, 1, 4;
    %ix/load 0, 4, 0;
    %assign/v0 v0x26c0480_0, 0, 8;
    %ix/load 0, 1, 0;
    %assign/v0 v0x26c0070_0, 0, 1;
    %jmp T_4.1;
T_4.0 ;
    %load/v 8, v0x26c0480_0, 4;
    %cmpi/u 8, 1, 4;
    %jmp/1 T_4.2, 6;
    %cmpi/u 8, 2, 4;
    %jmp/1 T_4.3, 6;
    %cmpi/u 8, 4, 4;
    %jmp/1 T_4.4, 6;
    %cmpi/u 8, 8, 4;
    %jmp/1 T_4.5, 6;
    %jmp T_4.6;
T_4.2 ;
    %load/v 8, v0x26c0290_0, 1;
    %jmp/0xz  T_4.7, 8;
    %movi 8, 2, 4;
    %ix/load 0, 4, 0;
    %assign/v0 v0x26c0480_0, 0, 8;
T_4.7 ;
    %jmp T_4.6;
T_4.3 ;
    %load/v 8, v0x26c0070_0, 1;
    %jmp/0xz  T_4.9, 8;
    %movi 8, 4, 4;
    %ix/load 0, 4, 0;
    %assign/v0 v0x26c0480_0, 0, 8;
    %set/v v0x26c0070_0, 0, 1;
    %set/v v0x26bff20_0, 0, 5;
    %set/v v0x26bfde0_0, 1, 1;
T_4.9 ;
    %jmp T_4.6;
T_4.4 ;
    %load/v 8, v0x26bff20_0, 5;
    %mov 13, 0, 1;
    %cmpi/u 8, 0, 6;
    %jmp/0xz  T_4.11, 4;
    %movi 8, 8, 4;
    %ix/load 0, 4, 0;
    %assign/v0 v0x26c0480_0, 0, 8;
    %set/v v0x26bfde0_0, 0, 1;
    %set/v v0x26c00f0_0, 0, 1;
    %set/v v0x26c0340_0, 0, 1;
    %set/v v0x26c0070_0, 1, 1;
    %jmp T_4.12;
T_4.11 ;
    %set/v v0x26c00f0_0, 1, 1;
    %set/v v0x26c0340_0, 1, 1;
T_4.12 ;
    %jmp T_4.6;
T_4.5 ;
    %load/v 8, v0x26c0290_0, 1;
    %cmpi/u 8, 0, 1;
    %jmp/0xz  T_4.13, 4;
    %movi 8, 1, 4;
    %ix/load 0, 4, 0;
    %assign/v0 v0x26c0480_0, 0, 8;
T_4.13 ;
    %jmp T_4.6;
T_4.6 ;
T_4.1 ;
    %jmp T_4;
    .thread T_4;
# The file index is used to find the file name in the following table.
:file_names 3;
    "N/A";
    "<interactive>";
    "/home/ricardo/workspace/multiplicator/multip.v";
